Base path: F:/Unity 5.6/Editor/Data
Cmd: initializeCompiler
Cmd: preprocess
  insize=2036 outsize=644 ok=1
Cmd: preprocess
  insize=2739 outsize=775 ok=1
Cmd: preprocess
  insize=2220 outsize=702 ok=1
Cmd: preprocess
  insize=1457 outsize=1651 ok=1
Cmd: preprocess
  insize=2398 outsize=778 ok=1
Cmd: preprocess
  insize=1638 outsize=1646 ok=1
Cmd: preprocess
  insize=1059 outsize=440 ok=1
Cmd: preprocess
  insize=1969 outsize=710 ok=1
Cmd: preprocess
  insize=1539 outsize=602 ok=1
Cmd: preprocess
  insize=2492 outsize=784 ok=1
Cmd: preprocess
  insize=1810 outsize=649 ok=1
Cmd: compileSnippet
  api=4 type=0 insize=2012 outsize=834 kw= pd=UNITY_ENABLE_REFLECTION_BUFFERS UNITY_USE_DITHER_MASK_FOR_ALPHABLENDED_SHADOWS UNITY_PBS_USE_BRDF1 UNITY_SPECCUBE_BOX_PROJECTION UNITY_SPECCUBE_BLENDING UNITY_ENABLE_DETAIL_NORMALMAP SHADER_API_DESKTOP UNITY_COLORSPACE_GAMMA UNITY_LIGHT_PROBE_PROXY_VOLUME ok=1
Cmd: compileSnippet
  api=4 type=1 insize=2012 outsize=666 kw= pd=UNITY_ENABLE_REFLECTION_BUFFERS UNITY_USE_DITHER_MASK_FOR_ALPHABLENDED_SHADOWS UNITY_PBS_USE_BRDF1 UNITY_SPECCUBE_BOX_PROJECTION UNITY_SPECCUBE_BLENDING UNITY_ENABLE_DETAIL_NORMALMAP SHADER_API_DESKTOP UNITY_COLORSPACE_GAMMA UNITY_LIGHT_PROBE_PROXY_VOLUME ok=1
